2023-03-10 18:35:46,560:INFO:PyCaret Supervised Module
2023-03-10 18:35:46,560:INFO:ML Usecase: anomaly
2023-03-10 18:35:46,560:INFO:version 2.3.10
2023-03-10 18:35:46,560:INFO:Initializing setup()
2023-03-10 18:35:46,560:INFO:setup(target=None, ml_usecase=anomaly, available_plots={'tsne': 'Anomaly TSnE (3d)', 'umap': 'UMAP Dimensionality'}, train_size=0.7, test_data=None, preprocess=True, imputation_type=simple, iterative_imputation_iters=5, categorical_features=None, categorical_imputation=mode, categorical_iterative_imputer=lightgbm, ordinal_features=None, high_cardinality_features=None, high_cardinality_method=frequency, numeric_features=None, numeric_imputation=mean, numeric_iterative_imputer=lightgbm, date_features=None, ignore_features=None, normalize=False, normalize_method=zscore, transformation=False, transformation_method=yeo-johnson, handle_unknown_categorical=True, unknown_categorical_method=least_frequent, pca=False, pca_method=linear, pca_components=None, ignore_low_variance=False, combine_rare_levels=False, rare_level_threshold=0.1, bin_numeric_features=None, remove_outliers=False, outliers_threshold=0.05, remove_multicollinearity=False, multicollinearity_threshold=0.9, remove_perfect_collinearity=False, create_clusters=False, cluster_iter=20, polynomial_features=False, polynomial_degree=2, trigonometry_features=False, polynomial_threshold=0.1, group_features=None, group_names=None, feature_selection=False, feature_selection_threshold=0.8, feature_selection_method=classic, feature_interaction=False, feature_ratio=False, interaction_threshold=0.01, fix_imbalance=False, fix_imbalance_method=None, transform_target=False, transform_target_method=box-cox, data_split_shuffle=False, data_split_stratify=False, fold_strategy=kfold, fold=10, fold_shuffle=False, fold_groups=None, n_jobs=-1, use_gpu=False, custom_pipeline=None, html=True, session_id=None, log_experiment=False, experiment_name=None, experiment_custom_tags=None, log_plots=False, log_profile=False, log_data=False, silent=True, verbose=True, profile=False, profile_kwargs=None, display=None)
2023-03-10 18:35:46,561:INFO:Checking environment
2023-03-10 18:35:46,561:INFO:python_version: 3.8.0
2023-03-10 18:35:46,561:INFO:python_build: ('tags/v3.8.0:fa919fd', 'Oct 14 2019 19:37:50')
2023-03-10 18:35:46,561:INFO:machine: AMD64
2023-03-10 18:35:46,561:INFO:platform: Windows-10-10.0.22621-SP0
2023-03-10 18:35:46,565:INFO:Memory: svmem(total=17120825344, available=5070544896, percent=70.4, used=12050280448, free=5070544896)
2023-03-10 18:35:46,565:INFO:Physical Core: 6
2023-03-10 18:35:46,565:INFO:Logical Core: 6
2023-03-10 18:35:46,565:INFO:Checking libraries
2023-03-10 18:35:46,565:INFO:pd==1.5.3
2023-03-10 18:35:46,565:INFO:numpy==1.20.3
2023-03-10 18:35:46,565:INFO:sklearn==0.23.2
2023-03-10 18:35:46,565:INFO:lightgbm==3.3.5
2023-03-10 18:35:46,566:WARNING:catboost not found
2023-03-10 18:35:46,566:WARNING:xgboost not found
2023-03-10 18:35:46,566:INFO:mlflow==2.2.1
2023-03-10 18:35:46,567:INFO:Checking Exceptions
2023-03-10 18:35:46,567:INFO:Declaring global variables
2023-03-10 18:35:46,567:INFO:USI: f4a0
2023-03-10 18:35:46,567:INFO:pycaret_globals: {'stratify_param', 'fix_imbalance_param', 'USI', 'log_plots_param', 'seed', 'data_before_preprocess', '_available_plots', 'iterative_imputation_iters_param', 'target_param', 'n_jobs_param', 'gpu_param', 'fold_groups_param_full', 'logging_param', '_gpu_n_jobs_param', '_all_models_internal', '_internal_pipeline', 'dashboard_logger', 'fold_shuffle_param', 'fold_groups_param', 'transform_target_method_param', 'experiment__', 'fold_generator', '_all_models', 'display_container', 'fix_imbalance_method_param', 'pycaret_globals', 'master_model_container', 'transform_target_param', 'imputation_classifier', 'create_model_container', 'exp_name_log', 'fold_param', 'X', 'prep_pipe', '_all_metrics', 'imputation_regressor', 'html_param', '_ml_usecase'}
2023-03-10 18:35:46,567:INFO:Preparing display monitor
2023-03-10 18:35:46,567:INFO:Preparing display monitor
2023-03-10 18:35:46,579:INFO:Importing libraries
2023-03-10 18:35:46,579:INFO:Copying data for preprocessing
2023-03-10 18:35:46,586:INFO:Declaring preprocessing parameters
2023-03-10 18:35:46,592:INFO:Creating preprocessing pipeline
2023-03-10 18:35:46,609:INFO:Preprocessing pipeline created successfully
2023-03-10 18:35:46,609:ERROR:(Process Exit): setup has been interupted with user command 'quit'. setup must rerun.
2023-03-10 18:35:46,610:INFO:Creating global containers
2023-03-10 18:35:46,613:INFO:Internal pipeline: Pipeline(memory=None, steps=[('empty_step', 'passthrough')], verbose=False)
2023-03-10 18:35:46,731:INFO:Creating grid variables
2023-03-10 18:35:46,753:INFO:create_model_container: 0
2023-03-10 18:35:46,753:INFO:master_model_container: 0
2023-03-10 18:35:46,753:INFO:display_container: 1
2023-03-10 18:35:46,758:INFO:Pipeline(memory=None,
         steps=[('dtypes',
                 DataTypes_Auto_infer(categorical_features=[],
                                      display_types=False, features_todrop=[],
                                      id_columns=[], ml_usecase='regression',
                                      numerical_features=[],
                                      target='UNSUPERVISED_DUMMY_TARGET',
                                      time_features=[])),
                ('imputer',
                 Simple_Imputer(categorical_strategy='most frequent',
                                fill_value_categorical=None,
                                fill_value_numerical=Non...
                ('scaling', 'passthrough'), ('P_transform', 'passthrough'),
                ('binn', 'passthrough'), ('rem_outliers', 'passthrough'),
                ('cluster_all', 'passthrough'),
                ('dummy', Dummify(target='UNSUPERVISED_DUMMY_TARGET')),
                ('fix_perfect', 'passthrough'),
                ('clean_names', Clean_Colum_Names()),
                ('feature_select', 'passthrough'), ('fix_multi', 'passthrough'),
                ('dfs', 'passthrough'), ('pca', 'passthrough')],
         verbose=False)
2023-03-10 18:35:46,758:INFO:setup() succesfully completed......................................
2023-03-10 18:35:46,833:INFO:Initializing create_model()
2023-03-10 18:35:46,833:INFO:create_model(estimator=iforest, num_clusters=4, fraction=0.05, ground_truth=None, round=4, fit_kwargs=None, verbose=True, system=True, add_to_model_list=True, raise_num_clusters=False, experiment_custom_tags=None, display=None, kwargs={})
2023-03-10 18:35:46,833:INFO:Checking exceptions
2023-03-10 18:35:46,833:INFO:Preparing display monitor
2023-03-10 18:35:46,841:INFO:Importing libraries
2023-03-10 18:35:46,847:INFO:Importing untrained model
2023-03-10 18:35:46,856:INFO:Isolation Forest Imported succesfully
2023-03-10 18:35:46,864:INFO:Fitting Model
2023-03-10 18:35:51,484:INFO:IForest(behaviour='new', bootstrap=False, contamination=0.05,
    max_features=1.0, max_samples='auto', n_estimators=100, n_jobs=-1,
    random_state=5146, verbose=0)
2023-03-10 18:35:51,485:INFO:create_models() succesfully completed......................................
2023-03-10 18:35:51,485:INFO:Uploading results into container
2023-03-10 18:35:51,485:INFO:Uploading model into container now
2023-03-10 18:35:51,486:INFO:create_model_container: 1
2023-03-10 18:35:51,487:INFO:master_model_container: 1
2023-03-10 18:35:51,487:INFO:display_container: 2
2023-03-10 18:35:51,487:INFO:IForest(behaviour='new', bootstrap=False, contamination=0.05,
    max_features=1.0, max_samples='auto', n_estimators=100, n_jobs=-1,
    random_state=5146, verbose=0)
2023-03-10 18:35:51,487:INFO:create_model() succesfully completed......................................
2023-03-10 18:35:51,555:INFO:Initializing assign_model()
2023-03-10 18:35:51,555:INFO:assign_model(model=IForest(behaviour='new', bootstrap=False, contamination=0.05,
    max_features=1.0, max_samples='auto', n_estimators=100, n_jobs=-1,
    random_state=5146, verbose=0), transformation=False, score=True, verbose=True)
2023-03-10 18:35:51,555:INFO:Checking exceptions
2023-03-10 18:35:51,555:INFO:Determining Trained Model
2023-03-10 18:35:51,555:INFO:Trained Model : Isolation Forest
2023-03-10 18:35:51,555:INFO:Copying data
2023-03-10 18:35:51,556:INFO:(10069, 12)
2023-03-10 18:35:51,557:INFO:assign_model() succesfully completed......................................
2023-03-10 18:35:51,557:INFO:Initializing plot_model()
2023-03-10 18:35:51,557:INFO:plot_model(fold=None, use_train_data=False, verbose=True, is_in_evaluate=False, display=None, display_format=None, estimator=IForest(behaviour='new', bootstrap=False, contamination=0.05,
    max_features=1.0, max_samples='auto', n_estimators=100, n_jobs=-1,
    random_state=5146, verbose=0), feature_name=None, fit_kwargs=None, groups=None, label=False, plot=tsne, plot_kwargs=None, save=False, scale=1, system=True)
2023-03-10 18:35:51,557:INFO:Checking exceptions
2023-03-10 18:35:51,603:INFO:Preparing display monitor
2023-03-10 18:35:51,606:INFO:Preloading libraries
2023-03-10 18:35:51,617:INFO:Copying training dataset
2023-03-10 18:35:51,618:INFO:Plot type: tsne
2023-03-10 18:35:51,792:INFO:SubProcess assign_model() called ==================================
2023-03-10 18:35:51,793:INFO:Initializing assign_model()
2023-03-10 18:35:51,793:INFO:assign_model(model=IForest(behaviour='new', bootstrap=False, contamination=0.05,
    max_features=1.0, max_samples='auto', n_estimators=100, n_jobs=-1,
    random_state=5146, verbose=0), transformation=True, score=False, verbose=False)
2023-03-10 18:35:51,793:INFO:Checking exceptions
2023-03-10 18:35:51,793:INFO:Determining Trained Model
2023-03-10 18:35:51,793:INFO:Trained Model : Isolation Forest
2023-03-10 18:35:51,793:INFO:Copying data
2023-03-10 18:35:51,793:INFO:Transformation param set to True. Assigned clusters are attached on transformed dataset.
2023-03-10 18:35:51,794:INFO:(10069, 11)
2023-03-10 18:35:51,794:INFO:assign_model() succesfully completed......................................
2023-03-10 18:35:51,794:INFO:SubProcess assign_model() end ==================================
2023-03-10 18:35:51,795:INFO:Getting dummies to cast categorical variables
2023-03-10 18:35:51,795:INFO:Fitting TSNE()
2023-03-10 18:37:14,916:INFO:Rendering Visual
2023-03-10 18:37:16,108:INFO:Visual Rendered Successfully
2023-03-10 18:37:16,214:INFO:plot_model() succesfully completed......................................
2023-03-10 18:37:45,576:INFO:PyCaret Supervised Module
2023-03-10 18:37:45,576:INFO:ML Usecase: anomaly
2023-03-10 18:37:45,576:INFO:version 2.3.10
2023-03-10 18:37:45,576:INFO:Initializing setup()
2023-03-10 18:37:45,576:INFO:setup(target=None, ml_usecase=anomaly, available_plots={'tsne': 'Anomaly TSnE (3d)', 'umap': 'UMAP Dimensionality'}, train_size=0.7, test_data=None, preprocess=True, imputation_type=simple, iterative_imputation_iters=5, categorical_features=None, categorical_imputation=mode, categorical_iterative_imputer=lightgbm, ordinal_features=None, high_cardinality_features=None, high_cardinality_method=frequency, numeric_features=None, numeric_imputation=mean, numeric_iterative_imputer=lightgbm, date_features=None, ignore_features=None, normalize=False, normalize_method=zscore, transformation=False, transformation_method=yeo-johnson, handle_unknown_categorical=True, unknown_categorical_method=least_frequent, pca=False, pca_method=linear, pca_components=None, ignore_low_variance=False, combine_rare_levels=False, rare_level_threshold=0.1, bin_numeric_features=None, remove_outliers=False, outliers_threshold=0.05, remove_multicollinearity=False, multicollinearity_threshold=0.9, remove_perfect_collinearity=False, create_clusters=False, cluster_iter=20, polynomial_features=False, polynomial_degree=2, trigonometry_features=False, polynomial_threshold=0.1, group_features=None, group_names=None, feature_selection=False, feature_selection_threshold=0.8, feature_selection_method=classic, feature_interaction=False, feature_ratio=False, interaction_threshold=0.01, fix_imbalance=False, fix_imbalance_method=None, transform_target=False, transform_target_method=box-cox, data_split_shuffle=False, data_split_stratify=False, fold_strategy=kfold, fold=10, fold_shuffle=False, fold_groups=None, n_jobs=-1, use_gpu=False, custom_pipeline=None, html=True, session_id=None, log_experiment=False, experiment_name=None, experiment_custom_tags=None, log_plots=False, log_profile=False, log_data=False, silent=True, verbose=True, profile=False, profile_kwargs=None, display=None)
2023-03-10 18:37:45,576:INFO:Checking environment
2023-03-10 18:37:45,576:INFO:python_version: 3.8.0
2023-03-10 18:37:45,576:INFO:python_build: ('tags/v3.8.0:fa919fd', 'Oct 14 2019 19:37:50')
2023-03-10 18:37:45,576:INFO:machine: AMD64
2023-03-10 18:37:45,577:INFO:platform: Windows-10-10.0.22621-SP0
2023-03-10 18:37:45,580:INFO:Memory: svmem(total=17120825344, available=4085964800, percent=76.1, used=13034860544, free=4085964800)
2023-03-10 18:37:45,580:INFO:Physical Core: 6
2023-03-10 18:37:45,580:INFO:Logical Core: 6
2023-03-10 18:37:45,580:INFO:Checking libraries
2023-03-10 18:37:45,580:INFO:pd==1.5.3
2023-03-10 18:37:45,580:INFO:numpy==1.20.3
2023-03-10 18:37:45,580:INFO:sklearn==0.23.2
2023-03-10 18:37:45,580:INFO:lightgbm==3.3.5
2023-03-10 18:37:45,582:WARNING:catboost not found
2023-03-10 18:37:45,583:WARNING:xgboost not found
2023-03-10 18:37:45,583:INFO:mlflow==2.2.1
2023-03-10 18:37:45,583:INFO:Checking Exceptions
2023-03-10 18:37:45,584:INFO:Declaring global variables
2023-03-10 18:37:45,584:INFO:USI: c535
2023-03-10 18:37:45,584:INFO:pycaret_globals: {'stratify_param', 'fix_imbalance_param', 'USI', 'log_plots_param', 'seed', 'data_before_preprocess', '_available_plots', 'iterative_imputation_iters_param', 'target_param', 'n_jobs_param', 'gpu_param', 'fold_groups_param_full', 'logging_param', '_gpu_n_jobs_param', '_all_models_internal', '_internal_pipeline', 'dashboard_logger', 'fold_shuffle_param', 'fold_groups_param', 'transform_target_method_param', 'experiment__', 'fold_generator', '_all_models', 'display_container', 'fix_imbalance_method_param', 'pycaret_globals', 'master_model_container', 'transform_target_param', 'imputation_classifier', 'create_model_container', 'exp_name_log', 'fold_param', 'X', 'prep_pipe', '_all_metrics', 'imputation_regressor', 'html_param', '_ml_usecase'}
2023-03-10 18:37:45,584:INFO:Preparing display monitor
2023-03-10 18:37:45,584:INFO:Preparing display monitor
2023-03-10 18:37:45,594:INFO:Importing libraries
2023-03-10 18:37:45,596:INFO:Copying data for preprocessing
2023-03-10 18:37:45,604:INFO:Declaring preprocessing parameters
2023-03-10 18:37:45,607:INFO:Creating preprocessing pipeline
2023-03-10 18:37:45,623:INFO:Preprocessing pipeline created successfully
2023-03-10 18:37:45,623:ERROR:(Process Exit): setup has been interupted with user command 'quit'. setup must rerun.
2023-03-10 18:37:45,623:INFO:Creating global containers
2023-03-10 18:37:45,624:INFO:Internal pipeline: Pipeline(memory=None, steps=[('empty_step', 'passthrough')], verbose=False)
2023-03-10 18:37:45,708:INFO:Creating grid variables
2023-03-10 18:37:45,718:INFO:create_model_container: 0
2023-03-10 18:37:45,719:INFO:master_model_container: 0
2023-03-10 18:37:45,719:INFO:display_container: 1
2023-03-10 18:37:45,723:INFO:Pipeline(memory=None,
         steps=[('dtypes',
                 DataTypes_Auto_infer(categorical_features=[],
                                      display_types=False, features_todrop=[],
                                      id_columns=[], ml_usecase='regression',
                                      numerical_features=[],
                                      target='UNSUPERVISED_DUMMY_TARGET',
                                      time_features=[])),
                ('imputer',
                 Simple_Imputer(categorical_strategy='most frequent',
                                fill_value_categorical=None,
                                fill_value_numerical=Non...
                ('scaling', 'passthrough'), ('P_transform', 'passthrough'),
                ('binn', 'passthrough'), ('rem_outliers', 'passthrough'),
                ('cluster_all', 'passthrough'),
                ('dummy', Dummify(target='UNSUPERVISED_DUMMY_TARGET')),
                ('fix_perfect', 'passthrough'),
                ('clean_names', Clean_Colum_Names()),
                ('feature_select', 'passthrough'), ('fix_multi', 'passthrough'),
                ('dfs', 'passthrough'), ('pca', 'passthrough')],
         verbose=False)
2023-03-10 18:37:45,724:INFO:setup() succesfully completed......................................
2023-03-10 18:37:45,826:INFO:Initializing create_model()
2023-03-10 18:37:45,827:INFO:create_model(estimator=iforest, num_clusters=4, fraction=0.05, ground_truth=None, round=4, fit_kwargs=None, verbose=True, system=True, add_to_model_list=True, raise_num_clusters=False, experiment_custom_tags=None, display=None, kwargs={})
2023-03-10 18:37:45,827:INFO:Checking exceptions
2023-03-10 18:37:45,827:INFO:Preparing display monitor
2023-03-10 18:37:45,836:INFO:Importing libraries
2023-03-10 18:37:45,844:INFO:Importing untrained model
2023-03-10 18:37:45,853:INFO:Isolation Forest Imported succesfully
2023-03-10 18:37:45,862:INFO:Fitting Model
2023-03-10 18:37:47,605:INFO:IForest(behaviour='new', bootstrap=False, contamination=0.05,
    max_features=1.0, max_samples='auto', n_estimators=100, n_jobs=-1,
    random_state=7949, verbose=0)
2023-03-10 18:37:47,605:INFO:create_models() succesfully completed......................................
2023-03-10 18:37:47,605:INFO:Uploading results into container
2023-03-10 18:37:47,606:INFO:Uploading model into container now
2023-03-10 18:37:47,608:INFO:create_model_container: 1
2023-03-10 18:37:47,608:INFO:master_model_container: 1
2023-03-10 18:37:47,608:INFO:display_container: 2
2023-03-10 18:37:47,608:INFO:IForest(behaviour='new', bootstrap=False, contamination=0.05,
    max_features=1.0, max_samples='auto', n_estimators=100, n_jobs=-1,
    random_state=7949, verbose=0)
2023-03-10 18:37:47,608:INFO:create_model() succesfully completed......................................
2023-03-10 18:37:47,698:INFO:Initializing assign_model()
2023-03-10 18:37:47,699:INFO:assign_model(model=IForest(behaviour='new', bootstrap=False, contamination=0.05,
    max_features=1.0, max_samples='auto', n_estimators=100, n_jobs=-1,
    random_state=7949, verbose=0), transformation=False, score=True, verbose=True)
2023-03-10 18:37:47,699:INFO:Checking exceptions
2023-03-10 18:37:47,699:INFO:Determining Trained Model
2023-03-10 18:37:47,699:INFO:Trained Model : Isolation Forest
2023-03-10 18:37:47,699:INFO:Copying data
2023-03-10 18:37:47,700:INFO:(10069, 12)
2023-03-10 18:37:47,700:INFO:assign_model() succesfully completed......................................
2023-03-10 18:37:47,720:INFO:Initializing plot_model()
2023-03-10 18:37:47,720:INFO:plot_model(fold=None, use_train_data=False, verbose=True, is_in_evaluate=False, display=None, display_format=None, estimator=IForest(behaviour='new', bootstrap=False, contamination=0.05,
    max_features=1.0, max_samples='auto', n_estimators=100, n_jobs=-1,
    random_state=7949, verbose=0), feature_name=None, fit_kwargs=None, groups=None, label=False, plot=tsne, plot_kwargs=None, save=False, scale=1, system=True)
2023-03-10 18:37:47,720:INFO:Checking exceptions
2023-03-10 18:37:47,777:INFO:Preparing display monitor
2023-03-10 18:37:47,781:INFO:Preloading libraries
2023-03-10 18:37:47,790:INFO:Copying training dataset
2023-03-10 18:37:47,791:INFO:Plot type: tsne
2023-03-10 18:37:47,995:INFO:SubProcess assign_model() called ==================================
2023-03-10 18:37:47,996:INFO:Initializing assign_model()
2023-03-10 18:37:47,996:INFO:assign_model(model=IForest(behaviour='new', bootstrap=False, contamination=0.05,
    max_features=1.0, max_samples='auto', n_estimators=100, n_jobs=-1,
    random_state=7949, verbose=0), transformation=True, score=False, verbose=False)
2023-03-10 18:37:47,996:INFO:Checking exceptions
2023-03-10 18:37:47,996:INFO:Determining Trained Model
2023-03-10 18:37:47,996:INFO:Trained Model : Isolation Forest
2023-03-10 18:37:47,996:INFO:Copying data
2023-03-10 18:37:47,996:INFO:Transformation param set to True. Assigned clusters are attached on transformed dataset.
2023-03-10 18:37:47,997:INFO:(10069, 11)
2023-03-10 18:37:47,997:INFO:assign_model() succesfully completed......................................
2023-03-10 18:37:47,998:INFO:SubProcess assign_model() end ==================================
2023-03-10 18:37:48,000:INFO:Getting dummies to cast categorical variables
2023-03-10 18:37:48,000:INFO:Fitting TSNE()
2023-03-10 18:39:09,013:INFO:Rendering Visual
2023-03-10 18:39:09,221:INFO:Visual Rendered Successfully
2023-03-10 18:39:09,311:INFO:plot_model() succesfully completed......................................
2023-03-10 18:39:09,334:INFO:Initializing plot_model()
2023-03-10 18:39:09,335:INFO:plot_model(fold=None, use_train_data=False, verbose=True, is_in_evaluate=False, display=None, display_format=None, estimator=IForest(behaviour='new', bootstrap=False, contamination=0.05,
    max_features=1.0, max_samples='auto', n_estimators=100, n_jobs=-1,
    random_state=7949, verbose=0), feature_name=None, fit_kwargs=None, groups=None, label=False, plot=umap, plot_kwargs=None, save=False, scale=1, system=True)
2023-03-10 18:39:09,336:INFO:Checking exceptions
2023-03-10 18:39:09,389:INFO:Preparing display monitor
2023-03-10 18:39:09,395:INFO:Preloading libraries
2023-03-10 18:39:09,405:INFO:Copying training dataset
2023-03-10 18:39:09,406:INFO:Plot type: umap
2023-03-10 18:39:09,630:INFO:SubProcess assign_model() called ==================================
2023-03-10 18:39:09,630:INFO:Initializing assign_model()
2023-03-10 18:39:09,630:INFO:assign_model(model=IForest(behaviour='new', bootstrap=False, contamination=0.05,
    max_features=1.0, max_samples='auto', n_estimators=100, n_jobs=-1,
    random_state=7949, verbose=0), transformation=True, score=False, verbose=False)
2023-03-10 18:39:09,630:INFO:Checking exceptions
2023-03-10 18:39:09,630:INFO:Determining Trained Model
2023-03-10 18:39:09,631:INFO:Trained Model : Isolation Forest
2023-03-10 18:39:09,631:INFO:Copying data
2023-03-10 18:39:09,631:INFO:Transformation param set to True. Assigned clusters are attached on transformed dataset.
2023-03-10 18:39:09,632:INFO:(10069, 11)
2023-03-10 18:39:09,632:INFO:assign_model() succesfully completed......................................
2023-03-10 18:39:09,632:INFO:SubProcess assign_model() end ==================================
2023-03-10 18:39:18,725:INFO:Fitting UMAP()
2023-03-10 18:39:42,816:INFO:Rendering Visual
2023-03-10 18:39:43,170:INFO:Visual Rendered Successfully
2023-03-10 18:39:43,343:INFO:plot_model() succesfully completed......................................
2023-03-10 19:04:07,787:INFO:PyCaret Supervised Module
2023-03-10 19:04:07,787:INFO:ML Usecase: anomaly
2023-03-10 19:04:07,787:INFO:version 2.3.10
2023-03-10 19:04:07,787:INFO:Initializing setup()
2023-03-10 19:04:07,788:INFO:setup(target=None, ml_usecase=anomaly, available_plots={'tsne': 'Anomaly TSnE (3d)', 'umap': 'UMAP Dimensionality'}, train_size=0.7, test_data=None, preprocess=True, imputation_type=simple, iterative_imputation_iters=5, categorical_features=None, categorical_imputation=mode, categorical_iterative_imputer=lightgbm, ordinal_features=None, high_cardinality_features=None, high_cardinality_method=frequency, numeric_features=None, numeric_imputation=mean, numeric_iterative_imputer=lightgbm, date_features=None, ignore_features=None, normalize=False, normalize_method=zscore, transformation=False, transformation_method=yeo-johnson, handle_unknown_categorical=True, unknown_categorical_method=least_frequent, pca=False, pca_method=linear, pca_components=None, ignore_low_variance=False, combine_rare_levels=False, rare_level_threshold=0.1, bin_numeric_features=None, remove_outliers=False, outliers_threshold=0.05, remove_multicollinearity=False, multicollinearity_threshold=0.9, remove_perfect_collinearity=False, create_clusters=False, cluster_iter=20, polynomial_features=False, polynomial_degree=2, trigonometry_features=False, polynomial_threshold=0.1, group_features=None, group_names=None, feature_selection=False, feature_selection_threshold=0.8, feature_selection_method=classic, feature_interaction=False, feature_ratio=False, interaction_threshold=0.01, fix_imbalance=False, fix_imbalance_method=None, transform_target=False, transform_target_method=box-cox, data_split_shuffle=False, data_split_stratify=False, fold_strategy=kfold, fold=10, fold_shuffle=False, fold_groups=None, n_jobs=-1, use_gpu=False, custom_pipeline=None, html=True, session_id=None, log_experiment=False, experiment_name=None, experiment_custom_tags=None, log_plots=False, log_profile=False, log_data=False, silent=True, verbose=True, profile=False, profile_kwargs=None, display=None)
2023-03-10 19:04:07,788:INFO:Checking environment
2023-03-10 19:04:07,788:INFO:python_version: 3.8.0
2023-03-10 19:04:07,788:INFO:python_build: ('tags/v3.8.0:fa919fd', 'Oct 14 2019 19:37:50')
2023-03-10 19:04:07,788:INFO:machine: AMD64
2023-03-10 19:04:07,788:INFO:platform: Windows-10-10.0.22621-SP0
2023-03-10 19:04:07,793:INFO:Memory: svmem(total=17120825344, available=5393858560, percent=68.5, used=11726966784, free=5393858560)
2023-03-10 19:04:07,793:INFO:Physical Core: 6
2023-03-10 19:04:07,793:INFO:Logical Core: 6
2023-03-10 19:04:07,793:INFO:Checking libraries
2023-03-10 19:04:07,794:INFO:pd==1.5.3
2023-03-10 19:04:07,794:INFO:numpy==1.20.3
2023-03-10 19:04:07,794:INFO:sklearn==0.23.2
2023-03-10 19:04:07,794:INFO:lightgbm==3.3.5
2023-03-10 19:04:07,795:WARNING:catboost not found
2023-03-10 19:04:07,796:WARNING:xgboost not found
2023-03-10 19:04:07,796:INFO:mlflow==2.2.1
2023-03-10 19:04:07,796:INFO:Checking Exceptions
2023-03-10 19:04:07,796:INFO:Declaring global variables
2023-03-10 19:04:07,796:INFO:USI: eb74
2023-03-10 19:04:07,796:INFO:pycaret_globals: {'stratify_param', 'fix_imbalance_param', 'USI', 'log_plots_param', 'seed', 'data_before_preprocess', '_available_plots', 'iterative_imputation_iters_param', 'target_param', 'n_jobs_param', 'gpu_param', 'fold_groups_param_full', 'logging_param', '_gpu_n_jobs_param', '_all_models_internal', '_internal_pipeline', 'dashboard_logger', 'fold_shuffle_param', 'fold_groups_param', 'transform_target_method_param', 'experiment__', 'fold_generator', '_all_models', 'display_container', 'fix_imbalance_method_param', 'pycaret_globals', 'master_model_container', 'transform_target_param', 'imputation_classifier', 'create_model_container', 'exp_name_log', 'fold_param', 'X', 'prep_pipe', '_all_metrics', 'imputation_regressor', 'html_param', '_ml_usecase'}
2023-03-10 19:04:07,796:INFO:Preparing display monitor
2023-03-10 19:04:07,797:INFO:Preparing display monitor
2023-03-10 19:04:07,808:INFO:Importing libraries
2023-03-10 19:04:07,808:INFO:Copying data for preprocessing
2023-03-10 19:04:07,816:INFO:Declaring preprocessing parameters
2023-03-10 19:04:07,819:INFO:Creating preprocessing pipeline
2023-03-10 19:04:07,834:INFO:Preprocessing pipeline created successfully
2023-03-10 19:04:07,834:ERROR:(Process Exit): setup has been interupted with user command 'quit'. setup must rerun.
2023-03-10 19:04:07,835:INFO:Creating global containers
2023-03-10 19:04:07,835:INFO:Internal pipeline: Pipeline(memory=None, steps=[('empty_step', 'passthrough')], verbose=False)
2023-03-10 19:04:07,919:INFO:Creating grid variables
2023-03-10 19:04:07,930:INFO:create_model_container: 0
2023-03-10 19:04:07,930:INFO:master_model_container: 0
2023-03-10 19:04:07,930:INFO:display_container: 1
2023-03-10 19:04:07,934:INFO:Pipeline(memory=None,
         steps=[('dtypes',
                 DataTypes_Auto_infer(categorical_features=[],
                                      display_types=False, features_todrop=[],
                                      id_columns=[], ml_usecase='regression',
                                      numerical_features=[],
                                      target='UNSUPERVISED_DUMMY_TARGET',
                                      time_features=[])),
                ('imputer',
                 Simple_Imputer(categorical_strategy='most frequent',
                                fill_value_categorical=None,
                                fill_value_numerical=Non...
                ('scaling', 'passthrough'), ('P_transform', 'passthrough'),
                ('binn', 'passthrough'), ('rem_outliers', 'passthrough'),
                ('cluster_all', 'passthrough'),
                ('dummy', Dummify(target='UNSUPERVISED_DUMMY_TARGET')),
                ('fix_perfect', 'passthrough'),
                ('clean_names', Clean_Colum_Names()),
                ('feature_select', 'passthrough'), ('fix_multi', 'passthrough'),
                ('dfs', 'passthrough'), ('pca', 'passthrough')],
         verbose=False)
2023-03-10 19:04:07,934:INFO:setup() succesfully completed......................................
2023-03-10 19:04:08,119:INFO:Initializing create_model()
2023-03-10 19:04:08,119:INFO:create_model(estimator=iforest, num_clusters=4, fraction=0.05, ground_truth=None, round=4, fit_kwargs=None, verbose=True, system=True, add_to_model_list=True, raise_num_clusters=False, experiment_custom_tags=None, display=None, kwargs={})
2023-03-10 19:04:08,119:INFO:Checking exceptions
2023-03-10 19:04:08,120:INFO:Preparing display monitor
2023-03-10 19:04:08,130:INFO:Importing libraries
2023-03-10 19:04:08,138:INFO:Importing untrained model
2023-03-10 19:04:08,149:INFO:Isolation Forest Imported succesfully
2023-03-10 19:04:08,161:INFO:Fitting Model
2023-03-10 19:04:11,565:INFO:IForest(behaviour='new', bootstrap=False, contamination=0.05,
    max_features=1.0, max_samples='auto', n_estimators=100, n_jobs=-1,
    random_state=4657, verbose=0)
2023-03-10 19:04:11,565:INFO:create_models() succesfully completed......................................
2023-03-10 19:04:11,565:INFO:Uploading results into container
2023-03-10 19:04:11,566:INFO:Uploading model into container now
2023-03-10 19:04:11,567:INFO:create_model_container: 1
2023-03-10 19:04:11,567:INFO:master_model_container: 1
2023-03-10 19:04:11,567:INFO:display_container: 2
2023-03-10 19:04:11,567:INFO:IForest(behaviour='new', bootstrap=False, contamination=0.05,
    max_features=1.0, max_samples='auto', n_estimators=100, n_jobs=-1,
    random_state=4657, verbose=0)
2023-03-10 19:04:11,567:INFO:create_model() succesfully completed......................................
2023-03-10 19:04:11,706:INFO:Initializing assign_model()
2023-03-10 19:04:11,706:INFO:assign_model(model=IForest(behaviour='new', bootstrap=False, contamination=0.05,
    max_features=1.0, max_samples='auto', n_estimators=100, n_jobs=-1,
    random_state=4657, verbose=0), transformation=False, score=True, verbose=True)
2023-03-10 19:04:11,706:INFO:Checking exceptions
2023-03-10 19:04:11,706:INFO:Determining Trained Model
2023-03-10 19:04:11,706:INFO:Trained Model : Isolation Forest
2023-03-10 19:04:11,708:INFO:Copying data
2023-03-10 19:04:11,709:INFO:(10069, 12)
2023-03-10 19:04:11,709:INFO:assign_model() succesfully completed......................................
2023-03-10 19:04:11,721:INFO:Initializing plot_model()
2023-03-10 19:04:11,721:INFO:plot_model(fold=None, use_train_data=False, verbose=True, is_in_evaluate=False, display=None, display_format=None, estimator=IForest(behaviour='new', bootstrap=False, contamination=0.05,
    max_features=1.0, max_samples='auto', n_estimators=100, n_jobs=-1,
    random_state=4657, verbose=0), feature_name=None, fit_kwargs=None, groups=None, label=False, plot=tsne, plot_kwargs=None, save=False, scale=1, system=True)
2023-03-10 19:04:11,721:INFO:Checking exceptions
2023-03-10 19:04:11,779:INFO:Preparing display monitor
2023-03-10 19:04:11,786:INFO:Preloading libraries
2023-03-10 19:04:11,795:INFO:Copying training dataset
2023-03-10 19:04:11,796:INFO:Plot type: tsne
2023-03-10 19:04:11,982:INFO:SubProcess assign_model() called ==================================
2023-03-10 19:04:11,982:INFO:Initializing assign_model()
2023-03-10 19:04:11,982:INFO:assign_model(model=IForest(behaviour='new', bootstrap=False, contamination=0.05,
    max_features=1.0, max_samples='auto', n_estimators=100, n_jobs=-1,
    random_state=4657, verbose=0), transformation=True, score=False, verbose=False)
2023-03-10 19:04:11,982:INFO:Checking exceptions
2023-03-10 19:04:11,982:INFO:Determining Trained Model
2023-03-10 19:04:11,982:INFO:Trained Model : Isolation Forest
2023-03-10 19:04:11,982:INFO:Copying data
2023-03-10 19:04:11,982:INFO:Transformation param set to True. Assigned clusters are attached on transformed dataset.
2023-03-10 19:04:11,983:INFO:(10069, 11)
2023-03-10 19:04:11,983:INFO:assign_model() succesfully completed......................................
2023-03-10 19:04:11,983:INFO:SubProcess assign_model() end ==================================
2023-03-10 19:04:11,984:INFO:Getting dummies to cast categorical variables
2023-03-10 19:04:11,984:INFO:Fitting TSNE()
2023-03-10 19:05:36,577:INFO:Rendering Visual
2023-03-10 19:05:36,805:INFO:Visual Rendered Successfully
2023-03-10 19:05:36,928:INFO:plot_model() succesfully completed......................................
2023-03-10 19:05:36,949:INFO:Initializing plot_model()
2023-03-10 19:05:36,949:INFO:plot_model(fold=None, use_train_data=False, verbose=True, is_in_evaluate=False, display=None, display_format=None, estimator=IForest(behaviour='new', bootstrap=False, contamination=0.05,
    max_features=1.0, max_samples='auto', n_estimators=100, n_jobs=-1,
    random_state=4657, verbose=0), feature_name=None, fit_kwargs=None, groups=None, label=False, plot=umap, plot_kwargs=None, save=False, scale=1, system=True)
2023-03-10 19:05:36,949:INFO:Checking exceptions
2023-03-10 19:05:36,997:INFO:Preparing display monitor
2023-03-10 19:05:37,000:INFO:Preloading libraries
2023-03-10 19:05:37,010:INFO:Copying training dataset
2023-03-10 19:05:37,010:INFO:Plot type: umap
2023-03-10 19:05:37,213:INFO:SubProcess assign_model() called ==================================
2023-03-10 19:05:37,214:INFO:Initializing assign_model()
2023-03-10 19:05:37,214:INFO:assign_model(model=IForest(behaviour='new', bootstrap=False, contamination=0.05,
    max_features=1.0, max_samples='auto', n_estimators=100, n_jobs=-1,
    random_state=4657, verbose=0), transformation=True, score=False, verbose=False)
2023-03-10 19:05:37,214:INFO:Checking exceptions
2023-03-10 19:05:37,214:INFO:Determining Trained Model
2023-03-10 19:05:37,214:INFO:Trained Model : Isolation Forest
2023-03-10 19:05:37,214:INFO:Copying data
2023-03-10 19:05:37,214:INFO:Transformation param set to True. Assigned clusters are attached on transformed dataset.
2023-03-10 19:05:37,215:INFO:(10069, 11)
2023-03-10 19:05:37,215:INFO:assign_model() succesfully completed......................................
2023-03-10 19:05:37,215:INFO:SubProcess assign_model() end ==================================
2023-03-10 19:05:37,217:INFO:Fitting UMAP()
2023-03-10 19:05:43,851:INFO:Rendering Visual
2023-03-10 19:05:44,045:INFO:Visual Rendered Successfully
2023-03-10 19:05:44,282:INFO:plot_model() succesfully completed......................................
2023-03-10 19:06:42,440:INFO:PyCaret Supervised Module
2023-03-10 19:06:42,441:INFO:ML Usecase: anomaly
2023-03-10 19:06:42,441:INFO:version 2.3.10
2023-03-10 19:06:42,441:INFO:Initializing setup()
2023-03-10 19:06:42,441:INFO:setup(target=None, ml_usecase=anomaly, available_plots={'tsne': 'Anomaly TSnE (3d)', 'umap': 'UMAP Dimensionality'}, train_size=0.7, test_data=None, preprocess=True, imputation_type=simple, iterative_imputation_iters=5, categorical_features=None, categorical_imputation=mode, categorical_iterative_imputer=lightgbm, ordinal_features=None, high_cardinality_features=None, high_cardinality_method=frequency, numeric_features=None, numeric_imputation=mean, numeric_iterative_imputer=lightgbm, date_features=None, ignore_features=None, normalize=False, normalize_method=zscore, transformation=False, transformation_method=yeo-johnson, handle_unknown_categorical=True, unknown_categorical_method=least_frequent, pca=False, pca_method=linear, pca_components=None, ignore_low_variance=False, combine_rare_levels=False, rare_level_threshold=0.1, bin_numeric_features=None, remove_outliers=False, outliers_threshold=0.05, remove_multicollinearity=False, multicollinearity_threshold=0.9, remove_perfect_collinearity=False, create_clusters=False, cluster_iter=20, polynomial_features=False, polynomial_degree=2, trigonometry_features=False, polynomial_threshold=0.1, group_features=None, group_names=None, feature_selection=False, feature_selection_threshold=0.8, feature_selection_method=classic, feature_interaction=False, feature_ratio=False, interaction_threshold=0.01, fix_imbalance=False, fix_imbalance_method=None, transform_target=False, transform_target_method=box-cox, data_split_shuffle=False, data_split_stratify=False, fold_strategy=kfold, fold=10, fold_shuffle=False, fold_groups=None, n_jobs=-1, use_gpu=False, custom_pipeline=None, html=True, session_id=None, log_experiment=False, experiment_name=None, experiment_custom_tags=None, log_plots=False, log_profile=False, log_data=False, silent=True, verbose=True, profile=False, profile_kwargs=None, display=None)
2023-03-10 19:06:42,441:INFO:Checking environment
2023-03-10 19:06:42,441:INFO:python_version: 3.8.0
2023-03-10 19:06:42,441:INFO:python_build: ('tags/v3.8.0:fa919fd', 'Oct 14 2019 19:37:50')
2023-03-10 19:06:42,441:INFO:machine: AMD64
2023-03-10 19:06:42,441:INFO:platform: Windows-10-10.0.22621-SP0
2023-03-10 19:06:42,445:INFO:Memory: svmem(total=17120825344, available=4818886656, percent=71.9, used=12301938688, free=4818886656)
2023-03-10 19:06:42,445:INFO:Physical Core: 6
2023-03-10 19:06:42,445:INFO:Logical Core: 6
2023-03-10 19:06:42,445:INFO:Checking libraries
2023-03-10 19:06:42,445:INFO:pd==1.5.3
2023-03-10 19:06:42,445:INFO:numpy==1.20.3
2023-03-10 19:06:42,445:INFO:sklearn==0.23.2
2023-03-10 19:06:42,445:INFO:lightgbm==3.3.5
2023-03-10 19:06:42,445:WARNING:catboost not found
2023-03-10 19:06:42,446:WARNING:xgboost not found
2023-03-10 19:06:42,446:INFO:mlflow==2.2.1
2023-03-10 19:06:42,446:INFO:Checking Exceptions
2023-03-10 19:06:42,446:INFO:Declaring global variables
2023-03-10 19:06:42,446:INFO:USI: d670
2023-03-10 19:06:42,446:INFO:pycaret_globals: {'stratify_param', 'fix_imbalance_param', 'USI', 'log_plots_param', 'seed', 'data_before_preprocess', '_available_plots', 'iterative_imputation_iters_param', 'target_param', 'n_jobs_param', 'gpu_param', 'fold_groups_param_full', 'logging_param', '_gpu_n_jobs_param', '_all_models_internal', '_internal_pipeline', 'dashboard_logger', 'fold_shuffle_param', 'fold_groups_param', 'transform_target_method_param', 'experiment__', 'fold_generator', '_all_models', 'display_container', 'fix_imbalance_method_param', 'pycaret_globals', 'master_model_container', 'transform_target_param', 'imputation_classifier', 'create_model_container', 'exp_name_log', 'fold_param', 'X', 'prep_pipe', '_all_metrics', 'imputation_regressor', 'html_param', '_ml_usecase'}
2023-03-10 19:06:42,446:INFO:Preparing display monitor
2023-03-10 19:06:42,447:INFO:Preparing display monitor
2023-03-10 19:06:42,455:INFO:Importing libraries
2023-03-10 19:06:42,455:INFO:Copying data for preprocessing
2023-03-10 19:06:42,462:INFO:Declaring preprocessing parameters
2023-03-10 19:06:42,464:INFO:Creating preprocessing pipeline
2023-03-10 19:06:42,482:INFO:Preprocessing pipeline created successfully
2023-03-10 19:06:42,482:ERROR:(Process Exit): setup has been interupted with user command 'quit'. setup must rerun.
2023-03-10 19:06:42,483:INFO:Creating global containers
2023-03-10 19:06:42,483:INFO:Internal pipeline: Pipeline(memory=None, steps=[('empty_step', 'passthrough')], verbose=False)
2023-03-10 19:06:42,566:INFO:Creating grid variables
2023-03-10 19:06:42,577:INFO:create_model_container: 0
2023-03-10 19:06:42,577:INFO:master_model_container: 0
2023-03-10 19:06:42,577:INFO:display_container: 1
2023-03-10 19:06:42,581:INFO:Pipeline(memory=None,
         steps=[('dtypes',
                 DataTypes_Auto_infer(categorical_features=[],
                                      display_types=False, features_todrop=[],
                                      id_columns=[], ml_usecase='regression',
                                      numerical_features=[],
                                      target='UNSUPERVISED_DUMMY_TARGET',
                                      time_features=[])),
                ('imputer',
                 Simple_Imputer(categorical_strategy='most frequent',
                                fill_value_categorical=None,
                                fill_value_numerical=Non...
                ('scaling', 'passthrough'), ('P_transform', 'passthrough'),
                ('binn', 'passthrough'), ('rem_outliers', 'passthrough'),
                ('cluster_all', 'passthrough'),
                ('dummy', Dummify(target='UNSUPERVISED_DUMMY_TARGET')),
                ('fix_perfect', 'passthrough'),
                ('clean_names', Clean_Colum_Names()),
                ('feature_select', 'passthrough'), ('fix_multi', 'passthrough'),
                ('dfs', 'passthrough'), ('pca', 'passthrough')],
         verbose=False)
2023-03-10 19:06:42,581:INFO:setup() succesfully completed......................................
2023-03-10 19:06:42,738:INFO:Initializing create_model()
2023-03-10 19:06:42,738:INFO:create_model(estimator=iforest, num_clusters=4, fraction=0.05, ground_truth=None, round=4, fit_kwargs=None, verbose=True, system=True, add_to_model_list=True, raise_num_clusters=False, experiment_custom_tags=None, display=None, kwargs={})
2023-03-10 19:06:42,738:INFO:Checking exceptions
2023-03-10 19:06:42,738:INFO:Preparing display monitor
2023-03-10 19:06:42,749:INFO:Importing libraries
2023-03-10 19:06:42,757:INFO:Importing untrained model
2023-03-10 19:06:42,766:INFO:Isolation Forest Imported succesfully
2023-03-10 19:06:42,776:INFO:Fitting Model
2023-03-10 19:06:44,405:INFO:IForest(behaviour='new', bootstrap=False, contamination=0.05,
    max_features=1.0, max_samples='auto', n_estimators=100, n_jobs=-1,
    random_state=8293, verbose=0)
2023-03-10 19:06:44,405:INFO:create_models() succesfully completed......................................
2023-03-10 19:06:44,405:INFO:Uploading results into container
2023-03-10 19:06:44,406:INFO:Uploading model into container now
2023-03-10 19:06:44,407:INFO:create_model_container: 1
2023-03-10 19:06:44,407:INFO:master_model_container: 1
2023-03-10 19:06:44,408:INFO:display_container: 2
2023-03-10 19:06:44,408:INFO:IForest(behaviour='new', bootstrap=False, contamination=0.05,
    max_features=1.0, max_samples='auto', n_estimators=100, n_jobs=-1,
    random_state=8293, verbose=0)
2023-03-10 19:06:44,408:INFO:create_model() succesfully completed......................................
2023-03-10 19:06:44,545:INFO:Initializing assign_model()
2023-03-10 19:06:44,545:INFO:assign_model(model=IForest(behaviour='new', bootstrap=False, contamination=0.05,
    max_features=1.0, max_samples='auto', n_estimators=100, n_jobs=-1,
    random_state=8293, verbose=0), transformation=False, score=True, verbose=True)
2023-03-10 19:06:44,545:INFO:Checking exceptions
2023-03-10 19:06:44,545:INFO:Determining Trained Model
2023-03-10 19:06:44,546:INFO:Trained Model : Isolation Forest
2023-03-10 19:06:44,546:INFO:Copying data
2023-03-10 19:06:44,547:INFO:(10069, 12)
2023-03-10 19:06:44,547:INFO:assign_model() succesfully completed......................................
2023-03-10 19:06:44,563:INFO:Initializing plot_model()
2023-03-10 19:06:44,563:INFO:plot_model(fold=None, use_train_data=False, verbose=True, is_in_evaluate=False, display=None, display_format=None, estimator=IForest(behaviour='new', bootstrap=False, contamination=0.05,
    max_features=1.0, max_samples='auto', n_estimators=100, n_jobs=-1,
    random_state=8293, verbose=0), feature_name=None, fit_kwargs=None, groups=None, label=False, plot=tsne, plot_kwargs=None, save=False, scale=1, system=True)
2023-03-10 19:06:44,563:INFO:Checking exceptions
2023-03-10 19:06:44,618:INFO:Preparing display monitor
2023-03-10 19:06:44,624:INFO:Preloading libraries
2023-03-10 19:06:44,634:INFO:Copying training dataset
2023-03-10 19:06:44,634:INFO:Plot type: tsne
2023-03-10 19:06:44,817:INFO:SubProcess assign_model() called ==================================
2023-03-10 19:06:44,817:INFO:Initializing assign_model()
2023-03-10 19:06:44,817:INFO:assign_model(model=IForest(behaviour='new', bootstrap=False, contamination=0.05,
    max_features=1.0, max_samples='auto', n_estimators=100, n_jobs=-1,
    random_state=8293, verbose=0), transformation=True, score=False, verbose=False)
2023-03-10 19:06:44,817:INFO:Checking exceptions
2023-03-10 19:06:44,817:INFO:Determining Trained Model
2023-03-10 19:06:44,818:INFO:Trained Model : Isolation Forest
2023-03-10 19:06:44,818:INFO:Copying data
2023-03-10 19:06:44,818:INFO:Transformation param set to True. Assigned clusters are attached on transformed dataset.
2023-03-10 19:06:44,818:INFO:(10069, 11)
2023-03-10 19:06:44,818:INFO:assign_model() succesfully completed......................................
2023-03-10 19:06:44,819:INFO:SubProcess assign_model() end ==================================
2023-03-10 19:06:44,820:INFO:Getting dummies to cast categorical variables
2023-03-10 19:06:44,820:INFO:Fitting TSNE()
2023-03-10 19:08:10,110:INFO:Rendering Visual
2023-03-10 19:08:10,330:INFO:Visual Rendered Successfully
2023-03-10 19:08:10,487:INFO:plot_model() succesfully completed......................................
2023-03-10 19:08:10,501:INFO:Initializing plot_model()
2023-03-10 19:08:10,501:INFO:plot_model(fold=None, use_train_data=False, verbose=True, is_in_evaluate=False, display=None, display_format=None, estimator=IForest(behaviour='new', bootstrap=False, contamination=0.05,
    max_features=1.0, max_samples='auto', n_estimators=100, n_jobs=-1,
    random_state=8293, verbose=0), feature_name=None, fit_kwargs=None, groups=None, label=False, plot=umap, plot_kwargs=None, save=False, scale=1, system=True)
2023-03-10 19:08:10,502:INFO:Checking exceptions
2023-03-10 19:08:10,556:INFO:Preparing display monitor
2023-03-10 19:08:10,560:INFO:Preloading libraries
2023-03-10 19:08:10,570:INFO:Copying training dataset
2023-03-10 19:08:10,570:INFO:Plot type: umap
2023-03-10 19:08:10,754:INFO:SubProcess assign_model() called ==================================
2023-03-10 19:08:10,755:INFO:Initializing assign_model()
2023-03-10 19:08:10,755:INFO:assign_model(model=IForest(behaviour='new', bootstrap=False, contamination=0.05,
    max_features=1.0, max_samples='auto', n_estimators=100, n_jobs=-1,
    random_state=8293, verbose=0), transformation=True, score=False, verbose=False)
2023-03-10 19:08:10,755:INFO:Checking exceptions
2023-03-10 19:08:10,755:INFO:Determining Trained Model
2023-03-10 19:08:10,755:INFO:Trained Model : Isolation Forest
2023-03-10 19:08:10,755:INFO:Copying data
2023-03-10 19:08:10,755:INFO:Transformation param set to True. Assigned clusters are attached on transformed dataset.
2023-03-10 19:08:10,756:INFO:(10069, 11)
2023-03-10 19:08:10,756:INFO:assign_model() succesfully completed......................................
2023-03-10 19:08:10,756:INFO:SubProcess assign_model() end ==================================
2023-03-10 19:08:10,757:INFO:Fitting UMAP()
2023-03-10 19:08:17,553:INFO:Rendering Visual
2023-03-10 19:08:17,723:INFO:Visual Rendered Successfully
2023-03-10 19:08:17,877:INFO:plot_model() succesfully completed......................................
2023-03-10 19:08:37,393:INFO:PyCaret Supervised Module
2023-03-10 19:08:37,393:INFO:ML Usecase: anomaly
2023-03-10 19:08:37,393:INFO:version 2.3.10
2023-03-10 19:08:37,393:INFO:Initializing setup()
2023-03-10 19:08:37,394:INFO:setup(target=None, ml_usecase=anomaly, available_plots={'tsne': 'Anomaly TSnE (3d)', 'umap': 'UMAP Dimensionality'}, train_size=0.7, test_data=None, preprocess=True, imputation_type=simple, iterative_imputation_iters=5, categorical_features=None, categorical_imputation=mode, categorical_iterative_imputer=lightgbm, ordinal_features=None, high_cardinality_features=None, high_cardinality_method=frequency, numeric_features=None, numeric_imputation=mean, numeric_iterative_imputer=lightgbm, date_features=None, ignore_features=None, normalize=False, normalize_method=zscore, transformation=False, transformation_method=yeo-johnson, handle_unknown_categorical=True, unknown_categorical_method=least_frequent, pca=False, pca_method=linear, pca_components=None, ignore_low_variance=False, combine_rare_levels=False, rare_level_threshold=0.1, bin_numeric_features=None, remove_outliers=False, outliers_threshold=0.05, remove_multicollinearity=False, multicollinearity_threshold=0.9, remove_perfect_collinearity=False, create_clusters=False, cluster_iter=20, polynomial_features=False, polynomial_degree=2, trigonometry_features=False, polynomial_threshold=0.1, group_features=None, group_names=None, feature_selection=False, feature_selection_threshold=0.8, feature_selection_method=classic, feature_interaction=False, feature_ratio=False, interaction_threshold=0.01, fix_imbalance=False, fix_imbalance_method=None, transform_target=False, transform_target_method=box-cox, data_split_shuffle=False, data_split_stratify=False, fold_strategy=kfold, fold=10, fold_shuffle=False, fold_groups=None, n_jobs=-1, use_gpu=False, custom_pipeline=None, html=True, session_id=None, log_experiment=False, experiment_name=None, experiment_custom_tags=None, log_plots=False, log_profile=False, log_data=False, silent=True, verbose=True, profile=False, profile_kwargs=None, display=None)
2023-03-10 19:08:37,394:INFO:Checking environment
2023-03-10 19:08:37,394:INFO:python_version: 3.8.0
2023-03-10 19:08:37,394:INFO:python_build: ('tags/v3.8.0:fa919fd', 'Oct 14 2019 19:37:50')
2023-03-10 19:08:37,394:INFO:machine: AMD64
2023-03-10 19:08:37,394:INFO:platform: Windows-10-10.0.22621-SP0
2023-03-10 19:08:37,397:INFO:Memory: svmem(total=17120825344, available=4754620416, percent=72.2, used=12366204928, free=4754620416)
2023-03-10 19:08:37,398:INFO:Physical Core: 6
2023-03-10 19:08:37,398:INFO:Logical Core: 6
2023-03-10 19:08:37,398:INFO:Checking libraries
2023-03-10 19:08:37,398:INFO:pd==1.5.3
2023-03-10 19:08:37,398:INFO:numpy==1.20.3
2023-03-10 19:08:37,398:INFO:sklearn==0.23.2
2023-03-10 19:08:37,398:INFO:lightgbm==3.3.5
2023-03-10 19:08:37,399:WARNING:catboost not found
2023-03-10 19:08:37,400:WARNING:xgboost not found
2023-03-10 19:08:37,400:INFO:mlflow==2.2.1
2023-03-10 19:08:37,400:INFO:Checking Exceptions
2023-03-10 19:08:37,400:INFO:Declaring global variables
2023-03-10 19:08:37,400:INFO:USI: 671e
2023-03-10 19:08:37,400:INFO:pycaret_globals: {'stratify_param', 'fix_imbalance_param', 'USI', 'log_plots_param', 'seed', 'data_before_preprocess', '_available_plots', 'iterative_imputation_iters_param', 'target_param', 'n_jobs_param', 'gpu_param', 'fold_groups_param_full', 'logging_param', '_gpu_n_jobs_param', '_all_models_internal', '_internal_pipeline', 'dashboard_logger', 'fold_shuffle_param', 'fold_groups_param', 'transform_target_method_param', 'experiment__', 'fold_generator', '_all_models', 'display_container', 'fix_imbalance_method_param', 'pycaret_globals', 'master_model_container', 'transform_target_param', 'imputation_classifier', 'create_model_container', 'exp_name_log', 'fold_param', 'X', 'prep_pipe', '_all_metrics', 'imputation_regressor', 'html_param', '_ml_usecase'}
2023-03-10 19:08:37,400:INFO:Preparing display monitor
2023-03-10 19:08:37,400:INFO:Preparing display monitor
2023-03-10 19:08:37,411:INFO:Importing libraries
2023-03-10 19:08:37,411:INFO:Copying data for preprocessing
2023-03-10 19:08:37,419:INFO:Declaring preprocessing parameters
2023-03-10 19:08:37,422:INFO:Creating preprocessing pipeline
2023-03-10 19:08:37,438:INFO:Preprocessing pipeline created successfully
2023-03-10 19:08:37,438:ERROR:(Process Exit): setup has been interupted with user command 'quit'. setup must rerun.
2023-03-10 19:08:37,439:INFO:Creating global containers
2023-03-10 19:08:37,439:INFO:Internal pipeline: Pipeline(memory=None, steps=[('empty_step', 'passthrough')], verbose=False)
2023-03-10 19:08:37,517:INFO:Creating grid variables
2023-03-10 19:08:37,527:INFO:create_model_container: 0
2023-03-10 19:08:37,527:INFO:master_model_container: 0
2023-03-10 19:08:37,527:INFO:display_container: 1
2023-03-10 19:08:37,531:INFO:Pipeline(memory=None,
         steps=[('dtypes',
                 DataTypes_Auto_infer(categorical_features=[],
                                      display_types=False, features_todrop=[],
                                      id_columns=[], ml_usecase='regression',
                                      numerical_features=[],
                                      target='UNSUPERVISED_DUMMY_TARGET',
                                      time_features=[])),
                ('imputer',
                 Simple_Imputer(categorical_strategy='most frequent',
                                fill_value_categorical=None,
                                fill_value_numerical=Non...
                ('scaling', 'passthrough'), ('P_transform', 'passthrough'),
                ('binn', 'passthrough'), ('rem_outliers', 'passthrough'),
                ('cluster_all', 'passthrough'),
                ('dummy', Dummify(target='UNSUPERVISED_DUMMY_TARGET')),
                ('fix_perfect', 'passthrough'),
                ('clean_names', Clean_Colum_Names()),
                ('feature_select', 'passthrough'), ('fix_multi', 'passthrough'),
                ('dfs', 'passthrough'), ('pca', 'passthrough')],
         verbose=False)
2023-03-10 19:08:37,532:INFO:setup() succesfully completed......................................
2023-03-10 19:08:37,674:INFO:Initializing create_model()
2023-03-10 19:08:37,674:INFO:create_model(estimator=iforest, num_clusters=4, fraction=0.05, ground_truth=None, round=4, fit_kwargs=None, verbose=True, system=True, add_to_model_list=True, raise_num_clusters=False, experiment_custom_tags=None, display=None, kwargs={})
2023-03-10 19:08:37,674:INFO:Checking exceptions
2023-03-10 19:08:37,674:INFO:Preparing display monitor
2023-03-10 19:08:37,682:INFO:Importing libraries
2023-03-10 19:08:37,689:INFO:Importing untrained model
2023-03-10 19:08:37,695:INFO:Isolation Forest Imported succesfully
2023-03-10 19:08:37,704:INFO:Fitting Model
2023-03-10 19:08:39,313:INFO:IForest(behaviour='new', bootstrap=False, contamination=0.05,
    max_features=1.0, max_samples='auto', n_estimators=100, n_jobs=-1,
    random_state=5000, verbose=0)
2023-03-10 19:08:39,314:INFO:create_models() succesfully completed......................................
2023-03-10 19:08:39,314:INFO:Uploading results into container
2023-03-10 19:08:39,315:INFO:Uploading model into container now
2023-03-10 19:08:39,316:INFO:create_model_container: 1
2023-03-10 19:08:39,316:INFO:master_model_container: 1
2023-03-10 19:08:39,316:INFO:display_container: 2
2023-03-10 19:08:39,316:INFO:IForest(behaviour='new', bootstrap=False, contamination=0.05,
    max_features=1.0, max_samples='auto', n_estimators=100, n_jobs=-1,
    random_state=5000, verbose=0)
2023-03-10 19:08:39,316:INFO:create_model() succesfully completed......................................
2023-03-10 19:08:39,449:INFO:Initializing assign_model()
2023-03-10 19:08:39,449:INFO:assign_model(model=IForest(behaviour='new', bootstrap=False, contamination=0.05,
    max_features=1.0, max_samples='auto', n_estimators=100, n_jobs=-1,
    random_state=5000, verbose=0), transformation=False, score=True, verbose=True)
2023-03-10 19:08:39,449:INFO:Checking exceptions
2023-03-10 19:08:39,449:INFO:Determining Trained Model
2023-03-10 19:08:39,449:INFO:Trained Model : Isolation Forest
2023-03-10 19:08:39,449:INFO:Copying data
2023-03-10 19:08:39,450:INFO:(9979, 12)
2023-03-10 19:08:39,451:INFO:assign_model() succesfully completed......................................
2023-03-10 19:08:39,463:INFO:Initializing plot_model()
2023-03-10 19:08:39,464:INFO:plot_model(fold=None, use_train_data=False, verbose=True, is_in_evaluate=False, display=None, display_format=None, estimator=IForest(behaviour='new', bootstrap=False, contamination=0.05,
    max_features=1.0, max_samples='auto', n_estimators=100, n_jobs=-1,
    random_state=5000, verbose=0), feature_name=None, fit_kwargs=None, groups=None, label=False, plot=tsne, plot_kwargs=None, save=False, scale=1, system=True)
2023-03-10 19:08:39,464:INFO:Checking exceptions
2023-03-10 19:08:39,518:INFO:Preparing display monitor
2023-03-10 19:08:39,527:INFO:Preloading libraries
2023-03-10 19:08:39,537:INFO:Copying training dataset
2023-03-10 19:08:39,538:INFO:Plot type: tsne
2023-03-10 19:08:39,711:INFO:SubProcess assign_model() called ==================================
2023-03-10 19:08:39,711:INFO:Initializing assign_model()
2023-03-10 19:08:39,711:INFO:assign_model(model=IForest(behaviour='new', bootstrap=False, contamination=0.05,
    max_features=1.0, max_samples='auto', n_estimators=100, n_jobs=-1,
    random_state=5000, verbose=0), transformation=True, score=False, verbose=False)
2023-03-10 19:08:39,711:INFO:Checking exceptions
2023-03-10 19:08:39,711:INFO:Determining Trained Model
2023-03-10 19:08:39,711:INFO:Trained Model : Isolation Forest
2023-03-10 19:08:39,711:INFO:Copying data
2023-03-10 19:08:39,712:INFO:Transformation param set to True. Assigned clusters are attached on transformed dataset.
2023-03-10 19:08:39,712:INFO:(9979, 11)
2023-03-10 19:08:39,712:INFO:assign_model() succesfully completed......................................
2023-03-10 19:08:39,713:INFO:SubProcess assign_model() end ==================================
2023-03-10 19:08:39,714:INFO:Getting dummies to cast categorical variables
2023-03-10 19:08:39,714:INFO:Fitting TSNE()
2023-03-10 19:09:01,175:INFO:PyCaret Supervised Module
2023-03-10 19:09:01,175:INFO:ML Usecase: anomaly
2023-03-10 19:09:01,175:INFO:version 2.3.10
2023-03-10 19:09:01,175:INFO:Initializing setup()
2023-03-10 19:09:01,175:INFO:setup(target=None, ml_usecase=anomaly, available_plots={'tsne': 'Anomaly TSnE (3d)', 'umap': 'UMAP Dimensionality'}, train_size=0.7, test_data=None, preprocess=True, imputation_type=simple, iterative_imputation_iters=5, categorical_features=None, categorical_imputation=mode, categorical_iterative_imputer=lightgbm, ordinal_features=None, high_cardinality_features=None, high_cardinality_method=frequency, numeric_features=None, numeric_imputation=mean, numeric_iterative_imputer=lightgbm, date_features=None, ignore_features=None, normalize=False, normalize_method=zscore, transformation=False, transformation_method=yeo-johnson, handle_unknown_categorical=True, unknown_categorical_method=least_frequent, pca=False, pca_method=linear, pca_components=None, ignore_low_variance=False, combine_rare_levels=False, rare_level_threshold=0.1, bin_numeric_features=None, remove_outliers=False, outliers_threshold=0.05, remove_multicollinearity=False, multicollinearity_threshold=0.9, remove_perfect_collinearity=False, create_clusters=False, cluster_iter=20, polynomial_features=False, polynomial_degree=2, trigonometry_features=False, polynomial_threshold=0.1, group_features=None, group_names=None, feature_selection=False, feature_selection_threshold=0.8, feature_selection_method=classic, feature_interaction=False, feature_ratio=False, interaction_threshold=0.01, fix_imbalance=False, fix_imbalance_method=None, transform_target=False, transform_target_method=box-cox, data_split_shuffle=False, data_split_stratify=False, fold_strategy=kfold, fold=10, fold_shuffle=False, fold_groups=None, n_jobs=-1, use_gpu=False, custom_pipeline=None, html=True, session_id=None, log_experiment=False, experiment_name=None, experiment_custom_tags=None, log_plots=False, log_profile=False, log_data=False, silent=True, verbose=True, profile=False, profile_kwargs=None, display=None)
2023-03-10 19:09:01,175:INFO:Checking environment
2023-03-10 19:09:01,175:INFO:python_version: 3.8.0
2023-03-10 19:09:01,175:INFO:python_build: ('tags/v3.8.0:fa919fd', 'Oct 14 2019 19:37:50')
2023-03-10 19:09:01,175:INFO:machine: AMD64
2023-03-10 19:09:01,175:INFO:platform: Windows-10-10.0.22621-SP0
2023-03-10 19:09:01,178:INFO:Memory: svmem(total=17120825344, available=4617711616, percent=73.0, used=12503113728, free=4617711616)
2023-03-10 19:09:01,179:INFO:Physical Core: 6
2023-03-10 19:09:01,179:INFO:Logical Core: 6
2023-03-10 19:09:01,179:INFO:Checking libraries
2023-03-10 19:09:01,179:INFO:pd==1.5.3
2023-03-10 19:09:01,179:INFO:numpy==1.20.3
2023-03-10 19:09:01,179:INFO:sklearn==0.23.2
2023-03-10 19:09:01,179:INFO:lightgbm==3.3.5
2023-03-10 19:09:01,180:WARNING:catboost not found
2023-03-10 19:09:01,181:WARNING:xgboost not found
2023-03-10 19:09:01,181:INFO:mlflow==2.2.1
2023-03-10 19:09:01,181:INFO:Checking Exceptions
2023-03-10 19:09:01,181:INFO:Declaring global variables
2023-03-10 19:09:01,181:INFO:USI: d4fa
2023-03-10 19:09:01,181:INFO:pycaret_globals: {'stratify_param', 'fix_imbalance_param', 'USI', 'log_plots_param', 'seed', 'data_before_preprocess', '_available_plots', 'iterative_imputation_iters_param', 'target_param', 'n_jobs_param', 'gpu_param', 'fold_groups_param_full', 'logging_param', '_gpu_n_jobs_param', '_all_models_internal', '_internal_pipeline', 'dashboard_logger', 'fold_shuffle_param', 'fold_groups_param', 'transform_target_method_param', 'experiment__', 'fold_generator', '_all_models', 'display_container', 'fix_imbalance_method_param', 'pycaret_globals', 'master_model_container', 'transform_target_param', 'imputation_classifier', 'create_model_container', 'exp_name_log', 'fold_param', 'X', 'prep_pipe', '_all_metrics', 'imputation_regressor', 'html_param', '_ml_usecase'}
2023-03-10 19:09:01,181:INFO:Preparing display monitor
2023-03-10 19:09:01,181:INFO:Preparing display monitor
2023-03-10 19:09:01,194:INFO:Importing libraries
2023-03-10 19:09:01,194:INFO:Copying data for preprocessing
2023-03-10 19:09:01,206:INFO:Declaring preprocessing parameters
2023-03-10 19:09:01,208:INFO:Creating preprocessing pipeline
2023-03-10 19:09:01,223:INFO:Preprocessing pipeline created successfully
2023-03-10 19:09:01,223:ERROR:(Process Exit): setup has been interupted with user command 'quit'. setup must rerun.
2023-03-10 19:09:01,223:INFO:Creating global containers
2023-03-10 19:09:01,223:INFO:Internal pipeline: Pipeline(memory=None, steps=[('empty_step', 'passthrough')], verbose=False)
2023-03-10 19:09:01,347:INFO:Creating grid variables
2023-03-10 19:09:01,366:INFO:create_model_container: 0
2023-03-10 19:09:01,366:INFO:master_model_container: 0
2023-03-10 19:09:01,367:INFO:display_container: 1
2023-03-10 19:09:01,372:INFO:Pipeline(memory=None,
         steps=[('dtypes',
                 DataTypes_Auto_infer(categorical_features=[],
                                      display_types=False, features_todrop=[],
                                      id_columns=[], ml_usecase='regression',
                                      numerical_features=[],
                                      target='UNSUPERVISED_DUMMY_TARGET',
                                      time_features=[])),
                ('imputer',
                 Simple_Imputer(categorical_strategy='most frequent',
                                fill_value_categorical=None,
                                fill_value_numerical=Non...
                ('scaling', 'passthrough'), ('P_transform', 'passthrough'),
                ('binn', 'passthrough'), ('rem_outliers', 'passthrough'),
                ('cluster_all', 'passthrough'),
                ('dummy', Dummify(target='UNSUPERVISED_DUMMY_TARGET')),
                ('fix_perfect', 'passthrough'),
                ('clean_names', Clean_Colum_Names()),
                ('feature_select', 'passthrough'), ('fix_multi', 'passthrough'),
                ('dfs', 'passthrough'), ('pca', 'passthrough')],
         verbose=False)
2023-03-10 19:09:01,372:INFO:setup() succesfully completed......................................
2023-03-10 19:09:01,652:INFO:Initializing create_model()
2023-03-10 19:09:01,652:INFO:create_model(estimator=iforest, num_clusters=4, fraction=0.05, ground_truth=None, round=4, fit_kwargs=None, verbose=True, system=True, add_to_model_list=True, raise_num_clusters=False, experiment_custom_tags=None, display=None, kwargs={})
2023-03-10 19:09:01,652:INFO:Checking exceptions
2023-03-10 19:09:01,652:INFO:Preparing display monitor
2023-03-10 19:09:01,665:INFO:Importing libraries
2023-03-10 19:09:01,676:INFO:Importing untrained model
2023-03-10 19:09:01,684:INFO:Isolation Forest Imported succesfully
2023-03-10 19:09:01,693:INFO:Fitting Model
2023-03-10 19:09:03,510:INFO:IForest(behaviour='new', bootstrap=False, contamination=0.05,
    max_features=1.0, max_samples='auto', n_estimators=100, n_jobs=-1,
    random_state=381, verbose=0)
2023-03-10 19:09:03,510:INFO:create_models() succesfully completed......................................
2023-03-10 19:09:03,511:INFO:Uploading results into container
2023-03-10 19:09:03,511:INFO:Uploading model into container now
2023-03-10 19:09:03,512:INFO:create_model_container: 1
2023-03-10 19:09:03,513:INFO:master_model_container: 1
2023-03-10 19:09:03,513:INFO:display_container: 2
2023-03-10 19:09:03,513:INFO:IForest(behaviour='new', bootstrap=False, contamination=0.05,
    max_features=1.0, max_samples='auto', n_estimators=100, n_jobs=-1,
    random_state=381, verbose=0)
2023-03-10 19:09:03,513:INFO:create_model() succesfully completed......................................
2023-03-10 19:09:03,702:INFO:Initializing assign_model()
2023-03-10 19:09:03,702:INFO:assign_model(model=IForest(behaviour='new', bootstrap=False, contamination=0.05,
    max_features=1.0, max_samples='auto', n_estimators=100, n_jobs=-1,
    random_state=381, verbose=0), transformation=False, score=True, verbose=True)
2023-03-10 19:09:03,702:INFO:Checking exceptions
2023-03-10 19:09:03,702:INFO:Determining Trained Model
2023-03-10 19:09:03,702:INFO:Trained Model : Isolation Forest
2023-03-10 19:09:03,702:INFO:Copying data
2023-03-10 19:09:03,703:INFO:(9079, 12)
2023-03-10 19:09:03,703:INFO:assign_model() succesfully completed......................................
2023-03-10 19:09:03,714:INFO:Initializing plot_model()
2023-03-10 19:09:03,714:INFO:plot_model(fold=None, use_train_data=False, verbose=True, is_in_evaluate=False, display=None, display_format=None, estimator=IForest(behaviour='new', bootstrap=False, contamination=0.05,
    max_features=1.0, max_samples='auto', n_estimators=100, n_jobs=-1,
    random_state=381, verbose=0), feature_name=None, fit_kwargs=None, groups=None, label=False, plot=tsne, plot_kwargs=None, save=False, scale=1, system=True)
2023-03-10 19:09:03,714:INFO:Checking exceptions
2023-03-10 19:09:03,771:INFO:Preparing display monitor
2023-03-10 19:09:03,775:INFO:Preloading libraries
2023-03-10 19:09:03,786:INFO:Copying training dataset
2023-03-10 19:09:03,787:INFO:Plot type: tsne
2023-03-10 19:09:03,959:INFO:SubProcess assign_model() called ==================================
2023-03-10 19:09:03,960:INFO:Initializing assign_model()
2023-03-10 19:09:03,960:INFO:assign_model(model=IForest(behaviour='new', bootstrap=False, contamination=0.05,
    max_features=1.0, max_samples='auto', n_estimators=100, n_jobs=-1,
    random_state=381, verbose=0), transformation=True, score=False, verbose=False)
2023-03-10 19:09:03,960:INFO:Checking exceptions
2023-03-10 19:09:03,960:INFO:Determining Trained Model
2023-03-10 19:09:03,960:INFO:Trained Model : Isolation Forest
2023-03-10 19:09:03,960:INFO:Copying data
2023-03-10 19:09:03,961:INFO:Transformation param set to True. Assigned clusters are attached on transformed dataset.
2023-03-10 19:09:03,961:INFO:(9079, 11)
2023-03-10 19:09:03,961:INFO:assign_model() succesfully completed......................................
2023-03-10 19:09:03,961:INFO:SubProcess assign_model() end ==================================
2023-03-10 19:09:03,963:INFO:Getting dummies to cast categorical variables
2023-03-10 19:09:03,963:INFO:Fitting TSNE()
2023-03-10 19:10:21,307:INFO:Rendering Visual
2023-03-10 19:10:21,574:INFO:Visual Rendered Successfully
2023-03-10 19:10:21,884:INFO:plot_model() succesfully completed......................................
2023-03-10 19:10:21,922:INFO:Initializing plot_model()
2023-03-10 19:10:21,922:INFO:plot_model(fold=None, use_train_data=False, verbose=True, is_in_evaluate=False, display=None, display_format=None, estimator=IForest(behaviour='new', bootstrap=False, contamination=0.05,
    max_features=1.0, max_samples='auto', n_estimators=100, n_jobs=-1,
    random_state=381, verbose=0), feature_name=None, fit_kwargs=None, groups=None, label=False, plot=umap, plot_kwargs=None, save=False, scale=1, system=True)
2023-03-10 19:10:21,922:INFO:Checking exceptions
2023-03-10 19:10:22,007:INFO:Preparing display monitor
2023-03-10 19:10:22,013:INFO:Preloading libraries
2023-03-10 19:10:22,030:INFO:Copying training dataset
2023-03-10 19:10:22,030:INFO:Plot type: umap
2023-03-10 19:10:22,392:INFO:SubProcess assign_model() called ==================================
2023-03-10 19:10:22,393:INFO:Initializing assign_model()
2023-03-10 19:10:22,393:INFO:assign_model(model=IForest(behaviour='new', bootstrap=False, contamination=0.05,
    max_features=1.0, max_samples='auto', n_estimators=100, n_jobs=-1,
    random_state=381, verbose=0), transformation=True, score=False, verbose=False)
2023-03-10 19:10:22,393:INFO:Checking exceptions
2023-03-10 19:10:22,393:INFO:Determining Trained Model
2023-03-10 19:10:22,393:INFO:Trained Model : Isolation Forest
2023-03-10 19:10:22,394:INFO:Copying data
2023-03-10 19:10:22,395:INFO:Transformation param set to True. Assigned clusters are attached on transformed dataset.
2023-03-10 19:10:22,396:INFO:(9079, 11)
2023-03-10 19:10:22,396:INFO:assign_model() succesfully completed......................................
2023-03-10 19:10:22,397:INFO:SubProcess assign_model() end ==================================
2023-03-10 19:10:22,406:INFO:Fitting UMAP()
2023-03-10 19:10:35,574:INFO:Rendering Visual
2023-03-10 19:10:35,867:INFO:Visual Rendered Successfully
2023-03-10 19:10:36,128:INFO:plot_model() succesfully completed......................................
